>>> Warning 203 "C:\Program Files\PICC\drivers\pic18_usb.c" Line 616(1,1): Condition always TRUE
>>> Warning 205 "main.c" Line 142(1,1): Unsigned variable is never less than zero
>>> Warning 204 "main.c" Line 142(1,1): Condition always FALSE
>>> Warning 205 "main.c" Line 151(1,1): Unsigned variable is never less than zero
>>> Warning 204 "main.c" Line 151(1,1): Condition always FALSE
>>> Warning 205 "main.c" Line 161(1,1): Unsigned variable is never less than zero
>>> Warning 204 "main.c" Line 161(1,1): Condition always FALSE
>>> Warning 205 "main.c" Line 163(1,1): Unsigned variable is never less than zero
>>> Warning 204 "main.c" Line 163(1,1): Condition always FALSE
>>> Warning 205 "main.c" Line 174(1,1): Unsigned variable is never less than zero
>>> Warning 204 "main.c" Line 174(1,1): Condition always FALSE
>>> Warning 205 "main.c" Line 176(1,1): Unsigned variable is never less than zero
>>> Warning 204 "main.c" Line 176(1,1): Condition always FALSE
>>> Warning 205 "main.c" Line 249(1,1): Unsigned variable is never less than zero
>>> Warning 204 "main.c" Line 249(1,1): Condition always FALSE
>>> Warning 205 "main.c" Line 259(1,1): Unsigned variable is never less than zero
>>> Warning 204 "main.c" Line 259(1,1): Condition always FALSE
>>> Warning 216 "main.c" Line 300(2,3): Interrupts disabled during call to prevent re-entrancy:  (usb_token_reset)
>>> Warning 216 "main.c" Line 300(2,3): Interrupts disabled during call to prevent re-entrancy:  (@MUL1616)
>>> Warning 216 "main.c" Line 300(2,3): Interrupts disabled during call to prevent re-entrancy:  (usb_flush_out)
>>> Warning 216 "main.c" Line 300(2,3): Interrupts disabled during call to prevent re-entrancy:  (usb_tbe)
>>> Warning 216 "main.c" Line 300(2,3): Interrupts disabled during call to prevent re-entrancy:  (usb_flush_in)
>>> Warning 202 "main.c" Line 29(32,40): Variable never used:   adc_read
>>> Warning 202 "main.c" Line 32(31,38): Variable never used:   channel
>>> Warning 202 "main.c" Line 35(14,18): Variable never used:   pwm1
>>> Warning 202 "main.c" Line 37(5,6): Variable never used:   i
>>> Warning 202 "main.c" Line 37(9,10): Variable never used:   r
>>> Warning 202 "main.c" Line 38(5,7): Variable never used:   al
>>> Warning 202 "main.c" Line 39(7,16): Variable never used:   floatveri
>>> Warning 202 "main.c" Line 40(6,10): Variable never used:   seri
>>> Warning 202 "main.c" Line 40(14,18): Variable never used:   veri
      Memory usage:   ROM=34%      RAM=27% - 29%
      0 Errors,  31 Warnings.
Build Successful.
