
ROM used: 8026 (24%)
          8026 (24%) including unused fragments

          2 Average locations per line
          12 Average locations per statement

RAM used: 1291 (63%) at main() level
          1327 (65%) worst case

Stack used: 11 worst case (out of 24 total available)

Lines Stmts  %   Files
----- ----- ---  -----
  196   102  15  main.c
  429     0   0  ..\..\..\..\..\Program Files\PICC\devices\18F4550.h
 1304   321  48  ..\..\..\..\..\Program Files\PICC\drivers\pic18_usb.h
  828     0   0  ..\..\..\..\..\Program Files\PICC\drivers\usb.h
  237     0   0  USB_18F4550_CONF.h
  912   247  37  ..\..\..\..\..\Program Files\PICC\drivers\usb.c
----- -----
 3906   670 Total

Page ROM  %  RAM   Vol Diff  Functions:
---- --- --- ---   --- ----  ----------
0     32   0   0             @const135
0     48   0   0             @const139
0     66   0   0             @const141
0     44   0   1   149  2.6  usb_detach
0     34   0   0   138  2.1  usb_attach
0     34   0   1   346  4.6  usb_task
0     14   0   0    61  2.5  usb_init
0    226   1   7  1224  5.9  usb_flush_in
0    190   1  14   584  7.5  usb_put_packet
0    238   1   7   940  5.4  usb_flush_out
0    204   1  13   715  6.4  usb_get_packet_buffer
0     72   0   5   138  3.5  usb_get_packet
0     72   0   4   235  4.5  usb_stall_ep
0     70   0   4   242  4.6  usb_unstall_ep
0     88   1   3   343  5.8  usb_endpoint_stalled
0     26   0   1    88  2.7  usb_set_address
0    434   3  10  1575  8.9  usb_set_configured
0    106   1   0   448  3.7  usb_isr
0      6   0   0    25  1.2  usb_isr_sof
0     48   0   3   142  3.9  usb_disable_endpoints
0     42   0   0   318  4.6  usb_isr_rst
0     30   0   0   343  3.1  usb_init_ep0_setup
0      8   0   0    47  1.5  usb_isr_uerr
0     10   0   0    54  1.5  usb_isr_uidle
0     10   0   0    54  1.5  usb_isr_activity
0     14   0   0   147  3.4  usb_isr_stall
0    240   1   2  1217  7.3  usb_isr_tok_dne
0      6   0   1    25  1.6  usb_request_send_response
0      6   0   0    24  0.9  usb_request_stall
0     48   0   0             @const262
0     18   0   0             @const264
0     18   0   0             @const267
0     58   0   0             @const270
0     18   0   0             @const272
0     34   0   0             @const278
0     88   1   0             @const281
0     12   0   0    52  2.1  usb_wait_for_enumeration
0     40   0   3   222  3.9  usb_token_reset
0     94   1   4   201  4.9  usb_endpoint_is_valid
0     36   0   1   152  3.0  usb_isr_tok_in_dne
0     50   0   1   102  2.9  usb_isr_tok_out_dne
0     42   0   0   310  5.4  usb_isr_tok_setup_dne
0    182   1   0  1131  8.2  usb_isr_tkn_setup_StandardDevice
0    176   1   3   750  7.7  usb_isr_tkn_setup_StandardInterface
0    106   1   0   519  5.2  usb_isr_tkn_setup_StandardEndpoint
0     16   0   0    83  3.2  usb_isr_tkn_setup_ClassInterface
0    256   2   1  1188  8.3  usb_Get_Descriptor
0     14   0   0    76  1.8  usb_finish_set_address
0    166   1   5   629  8.6  usb_copy_desc_seg_to_ep
0     34   0   0             @goto10916
0     50   0   0   156  1.3  user_init
0     76   0   1    59  2.2  readadc
0     56   0   2             @ITOF
0    500   3   2   163  1.8  serigonder
0     32   0   1             @SPRINTF
0    248   2  11   236  1.8  @MULFF
0     68   0   5             @FTOSD
0    128   1  13   236  1.8  @DIV3232
0    426   3  13  2976  9.4  @PRINTF_L32D_348FPFPF
0    544   3   3   236  1.8  usbgonder
0     46   0   0             @const363
0   1194   7   2  2976  9.4  MAIN
0     44   0   0  2976  9.4  @const366
0     50   0   0             @const367
0     44   0   0             @const368
0     42   0   0             @const369
0     46   0   0             @const370
0     40   0   0             @const371
0     38   0   0             @const372
0     50   0   0             @const373
0    226   1   9             @PRINTF_LD_9600_31766_31767

Program metrics:
    Functions               48
    Statements              670
    Comments                1585
    Volume (V)              44898
    Difficilty (D)          209.4
    Effort to implement (E) 9402816
    Time to implement (T)   145 hours, 6 minutes
    Est Delivered Bugs (B)  15
    Cyclomatic Complexity   176
    Maintainability (MI)    117

 Segment     Used  Free
-----------  ----  ----
00000-00002     4  0  
00004-00006     0  4  
00008-0009C   150  0  
0009E-07FFE  7872  24738  



